<?xml version="1.0" encoding="UTF-8"?>
<!-- Generated by org.testng.reporters.JUnitReportReporter -->
<testsuite hostname="DESKTOP-SL5F8NA" failures="0" tests="1" name="ScriptsWithPOMPages.MyntraFIrstScript" time="21.316" errors="0" timestamp="2024-11-23T10:37:47 IST" skipped="0">
  <testcase classname="ScriptsWithPOMPages.MyntraFIrstScript" name="myntraFirstScriptMethod" time="21.316"/>
  <system-out/>
</testsuite> <!-- ScriptsWithPOMPages.MyntraFIrstScript -->
