<?xml version="1.0" encoding="UTF-8"?>
<!-- Generated by org.testng.reporters.JUnitReportReporter -->
<testsuite hostname="DESKTOP-SL5F8NA" failures="0" tests="1" name="EmulatorClasses.OrangeHRMGeneral" time="45.748" errors="0" timestamp="2024-12-03T15:14:08 IST" skipped="0">
  <testcase classname="EmulatorClasses.OrangeHRMGeneral" name="orangeMethod" time="45.748"/>
</testsuite> <!-- EmulatorClasses.OrangeHRMGeneral -->
