<?xml version="1.0" encoding="UTF-8"?>
<!-- Generated by org.testng.reporters.JUnitReportReporter -->
<testsuite hostname="DESKTOP-SL5F8NA" failures="0" tests="1" name="com.appiumtest.testcases.ExecutionTest" time="2.334" errors="0" timestamp="2024-11-20T14:51:13 IST" skipped="0">
  <testcase classname="com.appiumtest.testcases.ExecutionTest" name="simple" time="2.334"/>
</testsuite> <!-- com.appiumtest.testcases.ExecutionTest -->
