<?xml version="1.0" encoding="UTF-8"?>
<!-- Generated by org.testng.reporters.JUnitReportReporter -->
<testsuite hostname="DESKTOP-SL5F8NA" failures="0" tests="1" name="com.appiumtest.testcases.DialANumber" time="6.044" errors="1" timestamp="2024-11-21T10:01:02 IST" skipped="0">
  <testcase classname="com.appiumtest.testcases.DialANumber" name="dialMethod" time="6.044">
    <error message="Could not start a new session. Response code 500. Message: An unknown server-side error occurred while processing the command. Original error: Cannot start the &#039;com.android.contacts&#039; application. Visit https://github.com/appium/appium/blob/master/docs/en/writing-running-appium/android/activity-startup.md for troubleshooting. Original error: Cannot start the &#039;com.android.contacts&#039; application. Visit https://github.com/appium/appium/blob/master/docs/en/writing-running-appium/android/activity-startup.md for troubleshooting. Original error: Activity name &#039;.com.android.contacts.activities.PeopleActivity&#039; used to start the app doesn&#039;t exist or cannot be launched! Make sure it exists and is a launchable activity 
Host info: host: &#039;DESKTOP-SL5F8NA&#039;, ip: &#039;192.168.2.72&#039;
Build info: version: &#039;4.10.0&#039;, revision: &#039;c14d967899&#039;
System info: os.name: &#039;Windows 11&#039;, os.arch: &#039;amd64&#039;, os.version: &#039;10.0&#039;, java.version: &#039;17.0.4.1&#039;
Driver info: io.appium.java_client.android.AndroidDriver
Command: [null, newSession {capabilities=[{appium:appActivity=com.android.contacts.activities.PeopleActivity, appium:appPackage=com.android.contacts, appium:automationName=UIAutomator2, appium:deviceName=Oppo F19Pro+, appium:ignoreHiddenApiPolicyError=true, appium:noReset=true, platformName=ANDROID, appium:platformVersion=13, appium:udid=USUO8TUKIFSCK78P}], desiredCapabilities=Capabilities {appActivity: com.android.contacts.activi..., appPackage: com.android.contacts, automationName: UIAutomator2, deviceName: Oppo F19Pro+, ignoreHiddenApiPolicyError: true, noReset: true, platformName: ANDROID, platformVersion: 13, udid: USUO8TUKIFSCK78P}}]
Capabilities {appActivity: com.android.contacts.activi..., appPackage: com.android.contacts, automationName: UIAutomator2, deviceName: Oppo F19Pro+, ignoreHiddenApiPolicyError: true, noReset: true, platformName: ANDROID, platformVersion: 13, udid: USUO8TUKIFSCK78P}" type="org.openqa.selenium.SessionNotCreatedException">
      <![CDATA[org.openqa.selenium.SessionNotCreatedException: Could not start a new session. Response code 500. Message: An unknown server-side error occurred while processing the command. Original error: Cannot start the 'com.android.contacts' application. Visit https://github.com/appium/appium/blob/master/docs/en/writing-running-appium/android/activity-startup.md for troubleshooting. Original error: Cannot start the 'com.android.contacts' application. Visit https://github.com/appium/appium/blob/master/docs/en/writing-running-appium/android/activity-startup.md for troubleshooting. Original error: Activity name '.com.android.contacts.activities.PeopleActivity' used to start the app doesn't exist or cannot be launched! Make sure it exists and is a launchable activity 
Host info: host: 'DESKTOP-SL5F8NA', ip: '192.168.2.72'
Build info: version: '4.10.0', revision: 'c14d967899'
System info: os.name: 'Windows 11', os.arch: 'amd64', os.version: '10.0', java.version: '17.0.4.1'
Driver info: io.appium.java_client.android.AndroidDriver
Command: [null, newSession {capabilities=[{appium:appActivity=com.android.contacts.activities.PeopleActivity, appium:appPackage=com.android.contacts, appium:automationName=UIAutomator2, appium:deviceName=Oppo F19Pro+, appium:ignoreHiddenApiPolicyError=true, appium:noReset=true, platformName=ANDROID, appium:platformVersion=13, appium:udid=USUO8TUKIFSCK78P}], desiredCapabilities=Capabilities {appActivity: com.android.contacts.activi..., appPackage: com.android.contacts, automationName: UIAutomator2, deviceName: Oppo F19Pro+, ignoreHiddenApiPolicyError: true, noReset: true, platformName: ANDROID, platformVersion: 13, udid: USUO8TUKIFSCK78P}}]
Capabilities {appActivity: com.android.contacts.activi..., appPackage: com.android.contacts, automationName: UIAutomator2, deviceName: Oppo F19Pro+, ignoreHiddenApiPolicyError: true, noReset: true, platformName: ANDROID, platformVersion: 13, udid: USUO8TUKIFSCK78P}
at org.openqa.selenium.remote.ProtocolHandshake.createSession(ProtocolHandshake.java:140)
at java.base/jdk.internal.reflect.NativeMethodAccessorImpl.invoke0(Native Method)
at java.base/jdk.internal.reflect.NativeMethodAccessorImpl.invoke(NativeMethodAccessorImpl.java:77)
at java.base/jdk.internal.reflect.DelegatingMethodAccessorImpl.invoke(DelegatingMethodAccessorImpl.java:43)
at java.base/java.lang.reflect.Method.invoke(Method.java:568)
at io.appium.java_client.remote.AppiumProtocolHandshake.createSession(AppiumProtocolHandshake.java:133)
at io.appium.java_client.remote.AppiumProtocolHandshake.createSession(AppiumProtocolHandshake.java:102)
at io.appium.java_client.remote.AppiumCommandExecutor.createSession(AppiumCommandExecutor.java:182)
at io.appium.java_client.remote.AppiumCommandExecutor.execute(AppiumCommandExecutor.java:250)
at org.openqa.selenium.remote.RemoteWebDriver.execute(RemoteWebDriver.java:531)
at io.appium.java_client.AppiumDriver.startSession(AppiumDriver.java:274)
at org.openqa.selenium.remote.RemoteWebDriver.<init>(RemoteWebDriver.java:154)
at io.appium.java_client.AppiumDriver.<init>(AppiumDriver.java:89)
at io.appium.java_client.AppiumDriver.<init>(AppiumDriver.java:101)
at io.appium.java_client.android.AndroidDriver.<init>(AndroidDriver.java:113)
at com.appiumtest.testcases.DialANumber.dialMethod(DialANumber.java:29)
at java.base/jdk.internal.reflect.NativeMethodAccessorImpl.invoke0(Native Method)
at java.base/jdk.internal.reflect.NativeMethodAccessorImpl.invoke(NativeMethodAccessorImpl.java:77)
at java.base/jdk.internal.reflect.DelegatingMethodAccessorImpl.invoke(DelegatingMethodAccessorImpl.java:43)
at java.base/java.lang.reflect.Method.invoke(Method.java:568)
at org.testng.internal.invokers.MethodInvocationHelper.invokeMethod(MethodInvocationHelper.java:139)
at org.testng.internal.invokers.TestInvoker.invokeMethod(TestInvoker.java:677)
at org.testng.internal.invokers.TestInvoker.invokeTestMethod(TestInvoker.java:221)
at org.testng.internal.invokers.MethodRunner.runInSequence(MethodRunner.java:50)
at org.testng.internal.invokers.TestInvoker$MethodInvocationAgent.invoke(TestInvoker.java:969)
at org.testng.internal.invokers.TestInvoker.invokeTestMethods(TestInvoker.java:194)
at org.testng.internal.invokers.TestMethodWorker.invokeTestMethods(TestMethodWorker.java:148)
at org.testng.internal.invokers.TestMethodWorker.run(TestMethodWorker.java:128)
at java.base/java.util.ArrayList.forEach(ArrayList.java:1511)
at org.testng.TestRunner.privateRun(TestRunner.java:829)
at org.testng.TestRunner.run(TestRunner.java:602)
at org.testng.SuiteRunner.runTest(SuiteRunner.java:437)
at org.testng.SuiteRunner.runSequentially(SuiteRunner.java:431)
at org.testng.SuiteRunner.privateRun(SuiteRunner.java:391)
at org.testng.SuiteRunner.run(SuiteRunner.java:330)
at org.testng.SuiteRunnerWorker.runSuite(SuiteRunnerWorker.java:52)
at org.testng.SuiteRunnerWorker.run(SuiteRunnerWorker.java:95)
at org.testng.TestNG.runSuitesSequentially(TestNG.java:1256)
at org.testng.TestNG.runSuitesLocally(TestNG.java:1176)
at org.testng.TestNG.runSuites(TestNG.java:1099)
at org.testng.TestNG.run(TestNG.java:1067)
at org.testng.remote.AbstractRemoteTestNG.run(AbstractRemoteTestNG.java:115)
at org.testng.remote.RemoteTestNG.initAndRun(RemoteTestNG.java:293)
at org.testng.remote.RemoteTestNG.main(RemoteTestNG.java:91)
]]>
    </error>
  </testcase> <!-- dialMethod -->
  <system-out/>
</testsuite> <!-- com.appiumtest.testcases.DialANumber -->
