<?xml version="1.0" encoding="UTF-8"?>
<!-- Generated by org.testng.reporters.JUnitReportReporter -->
<testsuite hostname="DESKTOP-SL5F8NA" failures="0" tests="1" name="com.appiumtest.testcases.InstagramClass" time="14.842" errors="0" timestamp="2024-11-21T14:55:56 IST" skipped="0">
  <testcase classname="com.appiumtest.testcases.InstagramClass" name="instagramMethod" time="14.842"/>
  <system-out/>
</testsuite> <!-- com.appiumtest.testcases.InstagramClass -->
